* using log directory ‘/Users/knrumsey/Desktop/Software_Kellin/leapgp/..Rcheck’
* using R version 4.3.1 (2023-06-16)
* using platform: x86_64-apple-darwin20 (64-bit)
* R was compiled by
    Apple clang version 14.0.3 (clang-1403.0.22.14.1)
    GNU Fortran (GCC) 12.2.0
* running under: macOS Ventura 13.6.7
* using session charset: UTF-8
* using option ‘--as-cran’
* checking for file ‘./DESCRIPTION’ ... OK
* checking extension type ... Package
* this is package ‘leapgp’ version ‘1.0.0’
* package encoding: UTF-8
* checking CRAN incoming feasibility ... [5s/24s] NOTE
Maintainer: ‘Kellin Rumsey <knrumsey@lanl.gov>’

New submission

Package has a VignetteBuilder field but no prebuilt vignette index.

The build time stamp is missing.
* checking package namespace information ... OK
* checking package dependencies ... OK
* checking if this is a source package ... OK
* checking if there is a namespace ... OK
* checking for executable files ... OK
* checking for hidden files and directories ... NOTE
Found the following hidden files and directories:
  .DS_Store
  .Rhistory
  .gitignore
  inst/.DS_Store
  inst/logos/.DS_Store
  ..Rcheck
  .Rproj.user
  .git
These were most likely included in error. See section ‘Package
structure’ in the ‘Writing R Extensions’ manual.

CRAN-pack does not know about
  .DS_Store
  inst/.DS_Store
  inst/logos/.DS_Store
  ..Rcheck
  .git
* checking for portable file names ... OK
* checking for sufficient/correct file permissions ... OK
* checking serialization versions ... OK
* checking whether package ‘leapgp’ can be installed ... OK
* checking installed package size ... OK
* checking package directory ... OK
* checking for future file timestamps ... OK
* checking DESCRIPTION meta-information ... NOTE
Checking should be performed on sources prepared by ‘R CMD build’.
* checking top-level files ... NOTE
Files ‘README.md’ or ‘NEWS.md’ cannot be checked without ‘pandoc’ being installed.
Non-standard files/directories found at top level:
  ‘LICENSE.md’ ‘Meta’ ‘README.Rmd’ ‘leapgp.Rproj’
* checking for left-over files ... OK
* checking index information ... OK
* checking package subdirectories ... WARNING
Found the following directory with the name of a check directory:
  ./..Rcheck
Most likely, these were included erroneously.
Found the following directory with the name of a version control directory:
  ./.git
These should not be in a package tarball.
* checking R files for non-ASCII characters ... OK
* checking R files for syntax errors ... OK
* checking whether the package can be loaded ... OK
* checking whether the package can be loaded with stated dependencies ... OK
* checking whether the package can be unloaded cleanly ... OK
* checking whether the namespace can be loaded with stated dependencies ... OK
* checking whether the namespace can be unloaded cleanly ... OK
* checking loading without being on the library search path ... OK
* checking use of S3 registration ... OK
* checking dependencies in R code ... OK
* checking S3 generic/method consistency ... OK
* checking replacement functions ... OK
* checking foreign function calls ... OK
* checking R code for possible problems ... OK
* checking Rd files ... OK
* checking Rd metadata ... OK
* checking Rd line widths ... OK
* checking Rd cross-references ... OK
* checking for missing documentation entries ... OK
* checking for code/documentation mismatches ... OK
* checking Rd \usage sections ... OK
* checking Rd contents ... OK
* checking for unstated dependencies in examples ... OK
* checking LazyData ... NOTE
  'LazyData' is specified without a 'data' directory
* checking installed files from ‘inst/doc’ ... OK
* checking files in ‘vignettes’ ... OK
* checking examples ... OK
* checking for unstated dependencies in ‘tests’ ... OK
* checking tests ... OK
  Running ‘testthat.R’
* checking for unstated dependencies in vignettes ... OK
* checking package vignettes in ‘inst/doc’ ... OK
* checking re-building of vignette outputs ... OK
* checking PDF version of manual ... OK
* checking HTML version of manual ... NOTE
Found the following HTML validation problems:
leapGP.html:4:1 (leapGP.Rd:5): Warning: <link> inserting "type" attribute
leapGP.html:12:1 (leapGP.Rd:5): Warning: <script> proprietary attribute "onload"
leapGP.html:12:1 (leapGP.Rd:5): Warning: <script> inserting "type" attribute
leapGP.html:17:1 (leapGP.Rd:5): Warning: <table> lacks "summary" attribute
leapGP.html:46:1 (leapGP.Rd:21): Warning: <table> lacks "summary" attribute
predict_leapGP.html:4:1 (predict_leapGP.Rd:5): Warning: <link> inserting "type" attribute
predict_leapGP.html:12:1 (predict_leapGP.Rd:5): Warning: <script> proprietary attribute "onload"
predict_leapGP.html:12:1 (predict_leapGP.Rd:5): Warning: <script> inserting "type" attribute
predict_leapGP.html:17:1 (predict_leapGP.Rd:5): Warning: <table> lacks "summary" attribute
predict_leapGP.html:45:1 (predict_leapGP.Rd:19): Warning: <table> lacks "summary" attribute
Skipping checking math rendering: package 'V8' unavailable
* checking for non-standard things in the check directory ... OK
* checking for detritus in the temp directory ... OK
* DONE
Status: 1 WARNING, 6 NOTEs
